This is e-upTeX, Version 3.141592653-p4.0.0-u1.28-220214-2.6 (utf8.uptex) (TeX Live 2022) (preloaded format=uplatex 2022.9.6)  20 JUN 2023 17:50
entering extended mode
 restricted \write18 enabled.
 file:line:error style messages enabled.
 %&-line parsing enabled.
**Draft.tex
(./Draft.tex
pLaTeX2e <2021-11-15u04> (based on LaTeX2e <2021-11-15> patch level 1)
L3 programming layer <2022-02-24>
(/usr/local/texlive/2022/texmf-dist/tex/latex/amscls/amsart.cls
Document Class: amsart 2020/05/29 v2.20.6
\linespacing=\dimen154
\normalparindent=\dimen155
\normaltopskip=\skip47
LaTeX Font Info:    Font shape `JT2/mc/m/n' will be
(Font)              scaled to size 9.6222pt on input line 351.
LaTeX Font Info:    Font shape `JY2/mc/m/n' will be
(Font)              scaled to size 9.6222pt on input line 351.
LaTeX Font Info:    Font shape `JT2/mc/m/n' will be
(Font)              scaled to size 10.53629pt on input line 352.
LaTeX Font Info:    Font shape `JY2/mc/m/n' will be
(Font)              scaled to size 10.53629pt on input line 352.
(/usr/local/texlive/2022/texmf-dist/tex/latex/amsmath/amsmath.sty
Package: amsmath 2021/10/15 v2.17l AMS math features
\@mathmargin=\skip48

For additional information on amsmath, use the `?' option.
(/usr/local/texlive/2022/texmf-dist/tex/latex/amsmath/amstext.sty
Package: amstext 2021/08/26 v2.01 AMS text

(/usr/local/texlive/2022/texmf-dist/tex/latex/amsmath/amsgen.sty
File: amsgen.sty 1999/11/30 v2.0 generic functions
\@emptytoks=\toks17
\ex@=\dimen156
))
(/usr/local/texlive/2022/texmf-dist/tex/latex/amsmath/amsbsy.sty
Package: amsbsy 1999/11/29 v1.2d Bold Symbols
\pmbraise@=\dimen157
)
(/usr/local/texlive/2022/texmf-dist/tex/latex/amsmath/amsopn.sty
Package: amsopn 2021/08/26 v2.02 operator names
)
\inf@bad=\count184
LaTeX Info: Redefining \frac on input line 234.
\uproot@=\count185
\leftroot@=\count186
LaTeX Info: Redefining \overline on input line 399.
\classnum@=\count187
\DOTSCASE@=\count188
LaTeX Info: Redefining \ldots on input line 496.
LaTeX Info: Redefining \dots on input line 499.
LaTeX Info: Redefining \cdots on input line 620.
\Mathstrutbox@=\box67
\strutbox@=\box68
\big@size=\dimen158
LaTeX Font Info:    Redeclaring font encoding OML on input line 743.
LaTeX Font Info:    Redeclaring font encoding OMS on input line 744.
\macc@depth=\count189
\c@MaxMatrixCols=\count190
\dotsspace@=\muskip16
\c@parentequation=\count191
\dspbrk@lvl=\count192
\tag@help=\toks18
\row@=\count193
\column@=\count194
\maxfields@=\count195
\andhelp@=\toks19
\eqnshift@=\dimen159
\alignsep@=\dimen160
\tagshift@=\dimen161
\tagwidth@=\dimen162
\totwidth@=\dimen163
\lineht@=\dimen164
\@envbody=\toks20
\multlinegap=\skip49
\multlinetaggap=\skip50
\mathdisplay@stack=\toks21
LaTeX Info: Redefining \[ on input line 2938.
LaTeX Info: Redefining \] on input line 2939.
)
(I search kanjifont definition file: . . ) (I search font definition file: . .
. . . . . )
LaTeX Font Info:    Trying to load font information for U+msa on input line 397
.
 (/usr/local/texlive/2022/texmf-dist/tex/latex/amsfonts/umsa.fd
File: umsa.fd 2013/01/14 v3.01 AMS symbols A
)
(/usr/local/texlive/2022/texmf-dist/tex/latex/amsfonts/amsfonts.sty
Package: amsfonts 2013/01/14 v3.01 Basic AMSFonts support
\symAMSa=\mathgroup4
\symAMSb=\mathgroup5
LaTeX Font Info:    Redeclaring math symbol \hbar on input line 98.
LaTeX Font Info:    Overwriting math alphabet `\mathfrak' in version `bold'
(Font)                  U/euf/m/n --> U/euf/b/n on input line 106.
)
\copyins=\insert199
\abstractbox=\box69
\listisep=\skip51
\c@part=\count196
\c@section=\count197
\c@subsection=\count198
\c@subsubsection=\count266
\c@paragraph=\count267
\c@subparagraph=\count268
\c@figure=\count269
\c@table=\count270
\abovecaptionskip=\skip52
\belowcaptionskip=\skip53
\captionindent=\dimen165
\thm@style=\toks22
\thm@bodyfont=\toks23
\thm@headfont=\toks24
\thm@notefont=\toks25
\thm@headpunct=\toks26
\thm@preskip=\skip54
\thm@postskip=\skip55
\thm@headsep=\skip56
\dth@everypar=\toks27
)
(/usr/local/texlive/2022/texmf-dist/tex/latex/geometry/geometry.sty
Package: geometry 2020/01/02 v5.9 Page Geometry

(/usr/local/texlive/2022/texmf-dist/tex/latex/graphics/keyval.sty
Package: keyval 2014/10/28 v1.15 key=value parser (DPC)
\KV@toks@=\toks28
)
(/usr/local/texlive/2022/texmf-dist/tex/generic/iftex/ifvtex.sty
Package: ifvtex 2019/10/25 v1.7 ifvtex legacy package. Use iftex instead.

(/usr/local/texlive/2022/texmf-dist/tex/generic/iftex/iftex.sty
Package: iftex 2022/02/03 v1.0f TeX engine tests
))
\Gm@cnth=\count271
\Gm@cntv=\count272
\c@Gm@tempcnt=\count273
\Gm@bindingoffset=\dimen166
\Gm@wd@mp=\dimen167
\Gm@odd@mp=\dimen168
\Gm@even@mp=\dimen169
\Gm@layoutwidth=\dimen170
\Gm@layoutheight=\dimen171
\Gm@layouthoffset=\dimen172
\Gm@layoutvoffset=\dimen173
\Gm@dimlist=\toks29
)
(/usr/local/texlive/2022/texmf-dist/tex/latex/graphics/graphicx.sty
Package: graphicx 2021/09/16 v1.2d Enhanced LaTeX Graphics (DPC,SPQR)

(/usr/local/texlive/2022/texmf-dist/tex/latex/graphics/graphics.sty
Package: graphics 2021/03/04 v1.4d Standard LaTeX Graphics (DPC,SPQR)

(/usr/local/texlive/2022/texmf-dist/tex/latex/graphics/trig.sty
Package: trig 2021/08/11 v1.11 sin cos tan (DPC)
)
(/usr/local/texlive/2022/texmf-dist/tex/latex/graphics-cfg/graphics.cfg
File: graphics.cfg 2016/06/04 v1.11 sample graphics configuration
)
Package graphics Info: Driver file: dvips.def on input line 107.

(/usr/local/texlive/2022/texmf-dist/tex/latex/graphics-def/dvips.def
File: dvips.def 2017/06/20 v3.1d Graphics/color driver for dvips
))
\Gin@req@height=\dimen174
\Gin@req@width=\dimen175
)
(/usr/local/texlive/2022/texmf-dist/tex/latex/amsfonts/amssymb.sty
Package: amssymb 2013/01/14 v3.01 AMS font symbols
)
(/usr/local/texlive/2022/texmf-dist/tex/latex/graphics/lscape.sty
Package: lscape 2020/05/28 v3.02 Landscape Pages (DPC)
)
(/usr/local/texlive/2022/texmf-dist/tex/latex/epstopdf-pkg/epstopdf.sty
Package: epstopdf 2020-01-24 v2.11 Conversion with epstopdf on the fly (HO)

(/usr/local/texlive/2022/texmf-dist/tex/generic/infwarerr/infwarerr.sty
Package: infwarerr 2019/12/03 v1.5 Providing info/warning/error messages (HO)
)
(/usr/local/texlive/2022/texmf-dist/tex/latex/grfext/grfext.sty
Package: grfext 2019/12/03 v1.3 Manage graphics extensions (HO)

(/usr/local/texlive/2022/texmf-dist/tex/generic/kvdefinekeys/kvdefinekeys.sty
Package: kvdefinekeys 2019-12-19 v1.6 Define keys (HO)
)) (/usr/local/texlive/2022/texmf-dist/tex/latex/kvoptions/kvoptions.sty
Package: kvoptions 2020-10-07 v3.14 Key value format for package options (HO)

(/usr/local/texlive/2022/texmf-dist/tex/generic/ltxcmds/ltxcmds.sty
Package: ltxcmds 2020-05-10 v1.25 LaTeX kernel commands for general use (HO)
)
(/usr/local/texlive/2022/texmf-dist/tex/generic/kvsetkeys/kvsetkeys.sty
Package: kvsetkeys 2019/12/15 v1.18 Key value parser (HO)
))
(/usr/local/texlive/2022/texmf-dist/tex/generic/pdftexcmds/pdftexcmds.sty
Package: pdftexcmds 2020-06-27 v0.33 Utility functions of pdfTeX for LuaTeX (HO
)
Package pdftexcmds Info: \pdf@primitive is available.
Package pdftexcmds Info: \pdf@ifprimitive is available.
Package pdftexcmds Info: \pdfdraftmode not found.
)
(/usr/local/texlive/2022/texmf-dist/tex/latex/epstopdf-pkg/epstopdf-base.sty
Package: epstopdf-base 2020-01-24 v2.11 Base part for package epstopdf


Package epstopdf Warning: Drivers other than `pdftex' and `luatex' are not supp
orted.

)) (/usr/local/texlive/2022/texmf-dist/tex/latex/tools/verbatim.sty
Package: verbatim 2020-07-07 v1.5u LaTeX2e package for verbatim enhancements
\every@verbatim=\toks30
\verbatim@line=\toks31
\verbatim@in@stream=\read2
)
(/usr/local/texlive/2022/texmf-dist/tex/latex/graphics/rotating.sty
Package: rotating 2016/08/11 v2.16d rotated objects in LaTeX

(/usr/local/texlive/2022/texmf-dist/tex/latex/base/ifthen.sty
Package: ifthen 2020/11/24 v1.1c Standard LaTeX ifthen package (DPC)
)
\c@r@tfl@t=\count274
\rotFPtop=\skip57
\rotFPbot=\skip58
\rot@float@box=\box70
\rot@mess@toks=\toks32
)
(/usr/local/texlive/2022/texmf-dist/tex/latex/multirow/multirow.sty
Package: multirow 2021/03/15 v2.8 Span multiple rows of a table
\multirow@colwidth=\skip59
\multirow@cntb=\count275
\multirow@dima=\skip60
\bigstrutjot=\dimen176
)
(/usr/local/texlive/2022/texmf-dist/tex/latex/tools/multicol.sty
Package: multicol 2021/10/28 v1.9b multicolumn formatting (FMi)
\c@tracingmulticols=\count276
\mult@box=\box71
\multicol@leftmargin=\dimen177
\c@unbalance=\count277
\c@collectmore=\count278
\doublecol@number=\count279
\multicoltolerance=\count280
\multicolpretolerance=\count281
\full@width=\dimen178
\page@free=\dimen179
\premulticols=\dimen180
\postmulticols=\dimen181
\multicolsep=\skip61
\multicolbaselineskip=\skip62
\partial@page=\box72
\last@line=\box73
\maxbalancingoverflow=\dimen182
\mult@rightbox=\box74
\mult@grightbox=\box75
\mult@firstbox=\box76
\mult@gfirstbox=\box77
\@tempa=\box78
\@tempa=\box79
\@tempa=\box80
\@tempa=\box81
\@tempa=\box82
\@tempa=\box83
\@tempa=\box84
\@tempa=\box85
\@tempa=\box86
\@tempa=\box87
\@tempa=\box88
\@tempa=\box89
\@tempa=\box90
\@tempa=\box91
\@tempa=\box92
\@tempa=\box93
\@tempa=\box94
\@tempa=\box95
\@tempa=\box96
\@tempa=\box97
\@tempa=\box98
\@tempa=\box99
\@tempa=\box100
\@tempa=\box101
\@tempa=\box102
\@tempa=\box103
\@tempa=\box104
\@tempa=\box105
\@tempa=\box106
\@tempa=\box107
\@tempa=\box108
\@tempa=\box109
\@tempa=\box110
\@tempa=\box111
\@tempa=\box112
\@tempa=\box113
\c@minrows=\count282
\c@columnbadness=\count283
\c@finalcolumnbadness=\count284
\last@try=\dimen183
\multicolovershoot=\dimen184
\multicolundershoot=\dimen185
\mult@nat@firstbox=\box114
\colbreak@box=\box115
\mc@col@check@num=\count285
)
(/usr/local/texlive/2022/texmf-dist/tex/latex/booktabs/booktabs.sty
Package: booktabs 2020/01/12 v1.61803398 Publication quality tables
\heavyrulewidth=\dimen186
\lightrulewidth=\dimen187
\cmidrulewidth=\dimen188
\belowrulesep=\dimen189
\belowbottomsep=\dimen190
\aboverulesep=\dimen191
\abovetopsep=\dimen192
\cmidrulesep=\dimen193
\cmidrulekern=\dimen194
\defaultaddspace=\dimen195
\@cmidla=\count286
\@cmidlb=\count287
\@aboverulesep=\dimen196
\@belowrulesep=\dimen197
\@thisruleclass=\count288
\@lastruleclass=\count289
\@thisrulewidth=\dimen198
)
(/usr/local/texlive/2022/texmf-dist/tex/latex/subfigure/subfigure.sty
Package: subfigure 2002/03/15 v2.1.5 subfigure package
\subfigtopskip=\skip63
\subfigcapskip=\skip64
\subfigcaptopadj=\dimen256
\subfigbottomskip=\skip65
\subfigcapmargin=\dimen257
\subfiglabelskip=\skip66
\c@subfigure=\count290
\c@lofdepth=\count291
\c@subtable=\count292
\c@lotdepth=\count293

****************************************
* Local config file subfigure.cfg used *
****************************************
(/usr/local/texlive/2022/texmf-dist/tex/latex/subfigure/subfigure.cfg)
\subfig@top=\skip67
\subfig@bottom=\skip68
)
(/usr/local/texlive/2022/texmf-dist/tex/latex/algorithms/algorithm.sty
Package: algorithm 2009/08/24 v0.1 Document Style `algorithm' - floating enviro
nment

(/usr/local/texlive/2022/texmf-dist/tex/latex/float/float.sty
Package: float 2001/11/08 v1.3d Float enhancements (AL)
\c@float@type=\count294
\float@exts=\toks33
\float@box=\box116
\@float@everytoks=\toks34
\@floatcapt=\box117
)
\@float@every@algorithm=\toks35
\c@algorithm=\count295
)
(/usr/local/texlive/2022/texmf-dist/tex/latex/algorithmicx/algpseudocode.sty
Package: algpseudocode 

(/usr/local/texlive/2022/texmf-dist/tex/latex/algorithmicx/algorithmicx.sty
Package: algorithmicx 2005/04/27 v1.2 Algorithmicx

Document Style algorithmicx 1.2 - a greatly improved `algorithmic' style
\c@ALG@line=\count296
\c@ALG@rem=\count297
\c@ALG@nested=\count298
\ALG@tlm=\skip69
\ALG@thistlm=\skip70
\c@ALG@Lnr=\count299
\c@ALG@blocknr=\count300
\c@ALG@storecount=\count301
\c@ALG@tmpcounter=\count302
\ALG@tmplength=\skip71
)
Document Style - pseudocode environments for use with the `algorithmicx' style
)
\c@proposition=\count303
\c@definition=\count304
 (/usr/local/texlive/2022/texmf-dist/tex/latex/l3backend/l3backend-dvips.def
File: l3backend-dvips.def 2022-02-07 L3 backend support: dvips
\l__pdf_internal_box=\box118
\g__pdf_backend_object_int=\count305
\l__pdf_backend_content_box=\box119
\l__pdf_backend_model_box=\box120
\g__pdf_backend_annotation_int=\count306
\g__pdf_backend_link_int=\count307
\g__pdf_backend_link_sf_int=\count308
)
(./Draft.aux)
\openout1 = `Draft.aux'.

LaTeX Font Info:    Checking defaults for OML/cmm/m/it on input line 29.
LaTeX Font Info:    ... okay on input line 29.
LaTeX Font Info:    Checking defaults for OMS/cmsy/m/n on input line 29.
LaTeX Font Info:    ... okay on input line 29.
LaTeX Font Info:    Checking defaults for OT1/cmr/m/n on input line 29.
LaTeX Font Info:    ... okay on input line 29.
LaTeX Font Info:    Checking defaults for T1/cmr/m/n on input line 29.
LaTeX Font Info:    ... okay on input line 29.
LaTeX Font Info:    Checking defaults for TS1/cmr/m/n on input line 29.
LaTeX Font Info:    ... okay on input line 29.
LaTeX Font Info:    Checking defaults for OMX/cmex/m/n on input line 29.
LaTeX Font Info:    ... okay on input line 29.
LaTeX Font Info:    Checking defaults for U/cmr/m/n on input line 29.
LaTeX Font Info:    ... okay on input line 29.
LaTeX Font Info:    Checking defaults for JY2/mc/m/n on input line 29.
LaTeX Font Info:    ... okay on input line 29.
LaTeX Font Info:    Checking defaults for JT2/mc/m/n on input line 29.
LaTeX Font Info:    ... okay on input line 29.
LaTeX Font Info:    Font shape `JT2/mc/m/n' will be
(Font)              scaled to size 8.65997pt on input line 29.
LaTeX Font Info:    Font shape `JY2/mc/m/n' will be
(Font)              scaled to size 8.65997pt on input line 29.
LaTeX Font Info:    Trying to load font information for U+msa on input line 29.

 (/usr/local/texlive/2022/texmf-dist/tex/latex/amsfonts/umsa.fd
File: umsa.fd 2013/01/14 v3.01 AMS symbols A
)
LaTeX Font Info:    Trying to load font information for U+msb on input line 29.


(/usr/local/texlive/2022/texmf-dist/tex/latex/amsfonts/umsb.fd
File: umsb.fd 2013/01/14 v3.01 AMS symbols B
)
*geometry* driver: auto-detecting
*geometry* detected driver: dvips
*geometry* verbose mode - [ preamble ] result:
* driver: dvips
* paper: letterpaper
* layout: <same size as paper>
* layoutoffset:(h,v)=(0.0pt,0.0pt)
* modes: twoside 
* h-part:(L,W,R)=(73.71613pt, 430.00462pt, 110.57425pt)
* v-part:(T,H,B)=(95.39737pt, 556.47656pt, 143.09605pt)
* \paperwidth=614.295pt
* \paperheight=794.96999pt
* \textwidth=430.00462pt
* \textheight=556.47656pt
* \oddsidemargin=1.44614pt
* \evensidemargin=38.30426pt
* \topmargin=1.12738pt
* \headheight=8.0pt
* \headsep=14.0pt
* \topskip=10.0pt
* \footskip=12.0pt
* \marginparwidth=90.0pt
* \marginparsep=11.0pt
* \columnsep=10.0pt
* \skip\footins=7.0pt plus 11.0pt
* \hoffset=0.0pt
* \voffset=0.0pt
* \mag=1000
* \@twocolumnfalse
* \@twosidetrue
* \@mparswitchtrue
* \@reversemarginfalse
* (1in=72.27pt=25.4mm, 1cm=28.453pt)

LaTeX Font Info:    Font shape `JT2/mc/bx/n' in size <10.95> not available
(Font)              Font shape `JT2/gt/m/n' tried instead on input line 30.
LaTeX Font Info:    Font shape `JT2/gt/m/n' will be
(Font)              scaled to size 10.53629pt on input line 30.
LaTeX Font Info:    Font shape `JY2/mc/bx/n' in size <10.95> not available
(Font)              Font shape `JY2/gt/m/n' tried instead on input line 30.
LaTeX Font Info:    Font shape `JY2/gt/m/n' will be
(Font)              scaled to size 10.53629pt on input line 30.
LaTeX Font Info:    Kanji font shape `JY2/mc/m/sc' undefined
(Font)              No change on input line 33.
(./Draft.toc)
\tf@toc=\write3
\openout3 = `Draft.toc'.

LaTeX Font Info:    Font shape `JT2/mc/m/n' will be
(Font)              scaled to size 7.69775pt on input line 35.
LaTeX Font Info:    Font shape `JY2/mc/m/n' will be
(Font)              scaled to size 7.69775pt on input line 35.
 [1]
LaTeX Font Info:    Kanji font shape `JY2/mc/m/sc' undefined
(Font)              No change on input line 37.

Underfull \vbox (badness 10000) has occurred while \output is active []

 [2]
[3]
LaTeX Font Info:    Kanji font shape `JY2/mc/m/sc' undefined
(Font)              No change on input line 66.
LaTeX Font Info:    Kanji font shape `JY2/mc/m/it' undefined
(Font)              No change on input line 67.
LaTeX Font Info:    Font shape `JT2/mc/m/n' will be
(Font)              scaled to size 5.77332pt on input line 72.
LaTeX Font Info:    Font shape `JY2/mc/m/n' will be
(Font)              scaled to size 5.77332pt on input line 72.
LaTeX Font Info:    Kanji font shape `JY2/mc/m/it' undefined
(Font)              No change on input line 73.
LaTeX Font Info:    Kanji font shape `JY2/mc/m/it' undefined
(Font)              No change on input line 76.
LaTeX Font Info:    Kanji font shape `JY2/mc/m/it' undefined
(Font)              No change on input line 95.
LaTeX Font Info:    Kanji font shape `JY2/mc/m/it' undefined
(Font)              No change on input line 96.
LaTeX Font Info:    Kanji font shape `JY2/mc/m/it' undefined
(Font)              No change on input line 102.
LaTeX Font Info:    Kanji font shape `JY2/mc/m/it' undefined
(Font)              No change on input line 103.
LaTeX Font Info:    Kanji font shape `JY2/mc/m/it' undefined
(Font)              No change on input line 108.
LaTeX Font Info:    Kanji font shape `JY2/mc/m/it' undefined
(Font)              No change on input line 109.
LaTeX Font Info:    Kanji font shape `JY2/mc/m/it' undefined
(Font)              No change on input line 115.
LaTeX Font Info:    Kanji font shape `JY2/mc/m/it' undefined
(Font)              No change on input line 116.
LaTeX Font Info:    Kanji font shape `JY2/mc/m/it' undefined
(Font)              No change on input line 122.
LaTeX Font Info:    Kanji font shape `JY2/mc/m/it' undefined
(Font)              No change on input line 123.
LaTeX Font Info:    Kanji font shape `JY2/mc/m/it' undefined
(Font)              No change on input line 127.
 [4]
LaTeX Font Info:    Kanji font shape `JY2/mc/m/it' undefined
(Font)              No change on input line 136.
LaTeX Font Info:    Kanji font shape `JY2/mc/m/it' undefined
(Font)              No change on input line 160.
LaTeX Font Info:    Kanji font shape `JY2/mc/m/it' undefined
(Font)              No change on input line 166.
 [5] [6]
LaTeX Font Info:    Kanji font shape `JY2/mc/m/sc' undefined
(Font)              No change on input line 201.
 [7]
File: /Users/lapo_santi/Desktop/Nial/project/POMMs/IMG_0EE4E8AB347D-1.jpeg Grap
hic file (type eps)

</Users/lapo_santi/Desktop/Nial/project/POMMs/IMG_0EE4E8AB347D-1.jpeg>
LaTeX Font Info:    Kanji font shape `JY2/mc/m/sc' undefined
(Font)              No change on input line 242.


LaTeX Warning: Reference `def:Poset' on page 8 undefined on input line 253.


LaTeX Warning: Reference `fig:DAG' on page 8 undefined on input line 253.

LaTeX Font Info:    Kanji font shape `JY2/mc/m/it' undefined
(Font)              No change on input line 257.
LaTeX Font Info:    Kanji font shape `JY2/mc/m/it' undefined
(Font)              No change on input line 262.
[8]
LaTeX Font Info:    Kanji font shape `JY2/mc/m/it' undefined
(Font)              No change on input line 269.
LaTeX Font Info:    Kanji font shape `JY2/mc/m/it' undefined
(Font)              No change on input line 276.
LaTeX Font Info:    Kanji font shape `JY2/mc/m/it' undefined
(Font)              No change on input line 283.
LaTeX Font Info:    Kanji font shape `JY2/mc/m/it' undefined
(Font)              No change on input line 284.
File: /Users/lapo_santi/Desktop/Nial/project/POMMs/level_sets.jpeg Graphic file
 (type eps)
 </Users/lapo_santi/Desktop/Nial/project/POMMs/level_sets.jpeg>
LaTeX Font Info:    Kanji font shape `JY2/mc/m/sc' undefined
(Font)              No change on input line 293.
LaTeX Font Info:    Kanji font shape `JY2/mc/m/it' undefined
(Font)              No change on input line 299.


LaTeX Warning: Reference `eq:result1' on page 9 undefined on input line 313.

[9] [10]
LaTeX Font Info:    Kanji font shape `JY2/mc/m/sc' undefined
(Font)              No change on input line 631.


Package amsmath Warning: Foreign command \atopwithdelims;
(amsmath)                \frac or \genfrac should be used instead
(amsmath)                 on input line 644.

[11]
Overfull \hbox (6.17139pt too wide) in paragraph at lines 676--677
[]\OT1/cmr/m/n/10.95 Finally, we as-sume that the num-ber of clus-ters $\OML/cm
m/m/it/10.95 K$ \OT1/cmr/m/n/10.95 fol-low a Pois-son dis-tri-bu-tion $[](\OML/
cmm/m/it/10.95 ^^U \OT1/cmr/m/n/10.95 =
 []

LaTeX Font Info:    Kanji font shape `JY2/mc/m/it' undefined
(Font)              No change on input line 689.
LaTeX Font Info:    Kanji font shape `JY2/mc/m/it' undefined
(Font)              No change on input line 699.
[12]
LaTeX Font Info:    Kanji font shape `JY2/mc/m/it' undefined
(Font)              No change on input line 725.


LaTeX Warning: Reference `eq:truncations' on page 13 undefined on input line 73
6.

LaTeX Font Info:    Kanji font shape `JY2/mc/m/it' undefined
(Font)              No change on input line 743.
LaTeX Font Info:    Kanji font shape `JY2/mc/m/it' undefined
(Font)              No change on input line 744.
[13]

LaTeX Warning: Reference `eq:truncations' on page 14 undefined on input line 75
5.

File: /Users/lapo_santi/Desktop/Nial/POMM_pairwise/POMMs/POMM_flex/exploratory_
graphs_with_inference/Densityplot_5_Level_sets_alpha__1__overlap__0.2__diag__0.
5.png Graphic file (type eps)

</Users/lapo_santi/Desktop/Nial/POMM_pairwise/POMMs/POMM_flex/exploratory_graph
s_with_inference/Densityplot_5_Level_sets_alpha__1__overlap__0.2__diag__0.5.png
>
File: /Users/lapo_santi/Desktop/Nial/POMM_pairwise/POMMs/POMM_flex/exploratory_
graphs_with_inference/Densityplot_5_Level_sets_alpha__1__overlap__0.5__diag__0.
5.png Graphic file (type eps)

</Users/lapo_santi/Desktop/Nial/POMM_pairwise/POMMs/POMM_flex/exploratory_graph
s_with_inference/Densityplot_5_Level_sets_alpha__1__overlap__0.5__diag__0.5.png
>
File: /Users/lapo_santi/Desktop/Nial/POMM_pairwise/POMMs/POMM_flex/exploratory_
graphs_with_inference/Densityplot_5_Level_sets_alpha__1__overlap__0.8__diag__0.
5.png Graphic file (type eps)

</Users/lapo_santi/Desktop/Nial/POMM_pairwise/POMMs/POMM_flex/exploratory_graph
s_with_inference/Densityplot_5_Level_sets_alpha__1__overlap__0.8__diag__0.5.png
>
LaTeX Font Info:    Kanji font shape `JY2/mc/m/sc' undefined
(Font)              No change on input line 778.
 [14]
LaTeX Font Info:    Kanji font shape `JY2/mc/m/sc' undefined
(Font)              No change on input line 1038.
LaTeX Font Info:    Kanji font shape `JY2/mc/m/it' undefined
(Font)              No change on input line 1069.

Overfull \hbox (22.84392pt too wide) in paragraph at lines 1069--1071
 \OT1/cmr/m/n/10.95 5.0.1.\OT1/cmr/m/it/10.95 Adaptive al-go-rithm.[] \OT1/cmr/
m/n/10.95 The pro-posal dis-tri-bu-tions men-tioned above are $[] []$.
 []

[15] [16]
Overfull \hbox (5.27441pt too wide) detected at line 1132
[]
 []

[17] [18]
LaTeX Font Info:    Kanji font shape `JY2/mc/m/sc' undefined
(Font)              No change on input line 1169.
 [19

]
LaTeX Font Info:    Kanji font shape `JY2/mc/m/sc' undefined
(Font)              No change on input line 1200.


LaTeX Warning: Reference `fig:all_images' on page 20 undefined on input line 12
02.

File: /Users/lapo_santi/Desktop/Nial/POMM_pairwise/POMMs/power_law_prior/Modula
r_code/results/adjacencyk3m4000simple.png Graphic file (type eps)

</Users/lapo_santi/Desktop/Nial/POMM_pairwise/POMMs/power_law_prior/Modular_cod
e/results/adjacencyk3m4000simple.png>
File: /Users/lapo_santi/Desktop/Nial/POMM_pairwise/POMMs/power_law_prior/Modula
r_code/results/adjacencyk5m4000simple.png Graphic file (type eps)

</Users/lapo_santi/Desktop/Nial/POMM_pairwise/POMMs/power_law_prior/Modular_cod
e/results/adjacencyk5m4000simple.png>
File: /Users/lapo_santi/Desktop/Nial/POMM_pairwise/POMMs/power_law_prior/Modula
r_code/results/adjacencyk9m4000simple.png Graphic file (type eps)

</Users/lapo_santi/Desktop/Nial/POMM_pairwise/POMMs/power_law_prior/Modular_cod
e/results/adjacencyk9m4000simple.png>
LaTeX Font Info:    Kanji font shape `JY2/mc/m/sc' undefined
(Font)              No change on input line 1218.


LaTeX Warning: Reference `table:simulations_from_simple' on page 20 undefined o
n input line 1223.

File: /Users/lapo_santi/Desktop/Nial/POMM_pairwise/POMMs/power_law_prior/Modula
r_code/results/similarityk3m4000simplesimple.png Graphic file (type eps)

</Users/lapo_santi/Desktop/Nial/POMM_pairwise/POMMs/power_law_prior/Modular_cod
e/results/similarityk3m4000simplesimple.png>
File: /Users/lapo_santi/Desktop/Nial/POMM_pairwise/POMMs/power_law_prior/Modula
r_code/results/similarityk5m4000simplesimple.png Graphic file (type eps)

</Users/lapo_santi/Desktop/Nial/POMM_pairwise/POMMs/power_law_prior/Modular_cod
e/results/similarityk5m4000simplesimple.png>
File: /Users/lapo_santi/Desktop/Nial/POMM_pairwise/POMMs/power_law_prior/Modula
r_code/results/similarityk9m4000simplesimple.png Graphic file (type eps)

</Users/lapo_santi/Desktop/Nial/POMM_pairwise/POMMs/power_law_prior/Modular_cod
e/results/similarityk9m4000simplesimple.png>
File: /Users/lapo_santi/Desktop/Nial/POMM_pairwise/POMMs/power_law_prior/Modula
r_code/results/similarityk3m4000simplePOMM.png Graphic file (type eps)

</Users/lapo_santi/Desktop/Nial/POMM_pairwise/POMMs/power_law_prior/Modular_cod
e/results/similarityk3m4000simplePOMM.png>
File: /Users/lapo_santi/Desktop/Nial/POMM_pairwise/POMMs/power_law_prior/Modula
r_code/results/similarityk5m4000simplePOMM.png Graphic file (type eps)

</Users/lapo_santi/Desktop/Nial/POMM_pairwise/POMMs/power_law_prior/Modular_cod
e/results/similarityk5m4000simplePOMM.png>
File: /Users/lapo_santi/Desktop/Nial/POMM_pairwise/POMMs/power_law_prior/Modula
r_code/results/similarityk9m4000simplePOMM.png Graphic file (type eps)

</Users/lapo_santi/Desktop/Nial/POMM_pairwise/POMMs/power_law_prior/Modular_cod
e/results/similarityk9m4000simplePOMM.png>
LaTeX Font Info:    Kanji font shape `JY2/mc/m/sc' undefined
(Font)              No change on input line 1250.


LaTeX Warning: Reference `fig:adjacency_all_simple' on page 20 undefined on inp
ut line 1255.

LaTeX Font Info:    Kanji font shape `JY2/mc/m/sc' undefined
(Font)              No change on input line 1264.
[20

] [21]
LaTeX Font Info:    Kanji font shape `JY2/mc/m/sc' undefined
(Font)              No change on input line 1284.
File: /Users/lapo_santi/Desktop/Nial/POMM_pairwise/POMMs/power_law_prior/Modula
r_code/results/adjacencyk3m4000POMM.png Graphic file (type eps)

</Users/lapo_santi/Desktop/Nial/POMM_pairwise/POMMs/power_law_prior/Modular_cod
e/results/adjacencyk3m4000POMM.png>
File: /Users/lapo_santi/Desktop/Nial/POMM_pairwise/POMMs/power_law_prior/Modula
r_code/results/adjacencyk5m4000POMM.png Graphic file (type eps)

</Users/lapo_santi/Desktop/Nial/POMM_pairwise/POMMs/power_law_prior/Modular_cod
e/results/adjacencyk5m4000POMM.png>
File: /Users/lapo_santi/Desktop/Nial/POMM_pairwise/POMMs/power_law_prior/Modula
r_code/results/adjacencyk9m4000POMM.png Graphic file (type eps)

</Users/lapo_santi/Desktop/Nial/POMM_pairwise/POMMs/power_law_prior/Modular_cod
e/results/adjacencyk9m4000POMM.png>
LaTeX Font Info:    Kanji font shape `JY2/mc/m/sc' undefined
(Font)              No change on input line 1302.
File: /Users/lapo_santi/Desktop/Nial/POMM_pairwise/POMMs/power_law_prior/Modula
r_code/results/similarityk3m4000POMMsimple.png Graphic file (type eps)

</Users/lapo_santi/Desktop/Nial/POMM_pairwise/POMMs/power_law_prior/Modular_cod
e/results/similarityk3m4000POMMsimple.png>
File: /Users/lapo_santi/Desktop/Nial/POMM_pairwise/POMMs/power_law_prior/Modula
r_code/results/similarityk5m4000POMMsimple.png Graphic file (type eps)

</Users/lapo_santi/Desktop/Nial/POMM_pairwise/POMMs/power_law_prior/Modular_cod
e/results/similarityk5m4000POMMsimple.png>
File: /Users/lapo_santi/Desktop/Nial/POMM_pairwise/POMMs/power_law_prior/Modula
r_code/results/similarityk9m4000POMMsimple.png Graphic file (type eps)

</Users/lapo_santi/Desktop/Nial/POMM_pairwise/POMMs/power_law_prior/Modular_cod
e/results/similarityk9m4000POMMsimple.png>
File: /Users/lapo_santi/Desktop/Nial/POMM_pairwise/POMMs/power_law_prior/Modula
r_code/results/similarityk3m4000POMMPOMM.png Graphic file (type eps)

</Users/lapo_santi/Desktop/Nial/POMM_pairwise/POMMs/power_law_prior/Modular_cod
e/results/similarityk3m4000POMMPOMM.png>
File: /Users/lapo_santi/Desktop/Nial/POMM_pairwise/POMMs/power_law_prior/Modula
r_code/results/similarityk5m4000POMMPOMM.png Graphic file (type eps)

</Users/lapo_santi/Desktop/Nial/POMM_pairwise/POMMs/power_law_prior/Modular_cod
e/results/similarityk5m4000POMMPOMM.png>
File: /Users/lapo_santi/Desktop/Nial/POMM_pairwise/POMMs/power_law_prior/Modula
r_code/results/similarityk9m4000POMMPOMM.png Graphic file (type eps)

</Users/lapo_santi/Desktop/Nial/POMM_pairwise/POMMs/power_law_prior/Modular_cod
e/results/similarityk9m4000POMMPOMM.png>
LaTeX Font Info:    Kanji font shape `JY2/mc/m/sc' undefined
(Font)              No change on input line 1331.


LaTeX Warning: Reference `table:simulations_from_simple' on page 22 undefined o
n input line 1337.

LaTeX Font Info:    Kanji font shape `JY2/mc/m/sc' undefined
(Font)              No change on input line 1344.
[22

] [23]
File: /Users/lapo_santi/Desktop/Nial/POMM_pairwise/POMMs/power_law_prior/Modula
r_code/results/diagnostic_checks/posteriorpredictive_firstchain.png Graphic fil
e (type eps)

</Users/lapo_santi/Desktop/Nial/POMM_pairwise/POMMs/power_law_prior/Modular_cod
e/results/diagnostic_checks/posteriorpredictive_firstchain.png>
File: /Users/lapo_santi/Desktop/Nial/POMM_pairwise/POMMs/power_law_prior/Modula
r_code/results/diagnostic_checks/posteriorpredictive_secondchain.png Graphic fi
le (type eps)

</Users/lapo_santi/Desktop/Nial/POMM_pairwise/POMMs/power_law_prior/Modular_cod
e/results/diagnostic_checks/posteriorpredictive_secondchain.png>
File: /Users/lapo_santi/Desktop/Nial/POMM_pairwise/POMMs/power_law_prior/Modula
r_code/results/diagnostic_checks/posteriorpredictive_thirdchain.png Graphic fil
e (type eps)

</Users/lapo_santi/Desktop/Nial/POMM_pairwise/POMMs/power_law_prior/Modular_cod
e/results/diagnostic_checks/posteriorpredictive_thirdchain.png>
File: /Users/lapo_santi/Desktop/Nial/POMM_pairwise/POMMs/power_law_prior/Modula
r_code/results/diagnostic_checks/posteriorpredictive_fourthchain.png Graphic fi
le (type eps)

</Users/lapo_santi/Desktop/Nial/POMM_pairwise/POMMs/power_law_prior/Modular_cod
e/results/diagnostic_checks/posteriorpredictive_fourthchain.png>
LaTeX Font Info:    Kanji font shape `JY2/mc/m/sc' undefined
(Font)              No change on input line 1388.
LaTeX Font Info:    Kanji font shape `JY2/mc/m/it' undefined
(Font)              No change on input line 1393.
File: /Users/lapo_santi/Desktop/Nial/POMM_pairwise/POMMs/power_law_prior/Modula
r_code/results/diagnostic_checks/Density_plots/density_plot_4_chains_p_1_2.png 
Graphic file (type eps)

</Users/lapo_santi/Desktop/Nial/POMM_pairwise/POMMs/power_law_prior/Modular_cod
e/results/diagnostic_checks/Density_plots/density_plot_4_chains_p_1_2.png>
File: /Users/lapo_santi/Desktop/Nial/POMM_pairwise/POMMs/power_law_prior/Modula
r_code/results/diagnostic_checks/Density_plots/density_plot_4_chains_p_1_3.png 
Graphic file (type eps)

</Users/lapo_santi/Desktop/Nial/POMM_pairwise/POMMs/power_law_prior/Modular_cod
e/results/diagnostic_checks/Density_plots/density_plot_4_chains_p_1_3.png>
File: /Users/lapo_santi/Desktop/Nial/POMM_pairwise/POMMs/power_law_prior/Modula
r_code/results/diagnostic_checks/Density_plots/density_plot_4_chains_p_1_4.png 
Graphic file (type eps)

</Users/lapo_santi/Desktop/Nial/POMM_pairwise/POMMs/power_law_prior/Modular_cod
e/results/diagnostic_checks/Density_plots/density_plot_4_chains_p_1_4.png>
File: /Users/lapo_santi/Desktop/Nial/POMM_pairwise/POMMs/power_law_prior/Modula
r_code/results/diagnostic_checks/Density_plots/density_plot_4_chains_p_2_3.png 
Graphic file (type eps)

</Users/lapo_santi/Desktop/Nial/POMM_pairwise/POMMs/power_law_prior/Modular_cod
e/results/diagnostic_checks/Density_plots/density_plot_4_chains_p_2_3.png>
File: /Users/lapo_santi/Desktop/Nial/POMM_pairwise/POMMs/power_law_prior/Modula
r_code/results/diagnostic_checks/Density_plots/density_plot_4_chains_p_2_4.png 
Graphic file (type eps)

</Users/lapo_santi/Desktop/Nial/POMM_pairwise/POMMs/power_law_prior/Modular_cod
e/results/diagnostic_checks/Density_plots/density_plot_4_chains_p_2_4.png>
File: /Users/lapo_santi/Desktop/Nial/POMM_pairwise/POMMs/power_law_prior/Modula
r_code/results/diagnostic_checks/Density_plots/density_plot_4_chains_p_3_4.png 
Graphic file (type eps)

</Users/lapo_santi/Desktop/Nial/POMM_pairwise/POMMs/power_law_prior/Modular_cod
e/results/diagnostic_checks/Density_plots/density_plot_4_chains_p_3_4.png>
LaTeX Font Info:    Kanji font shape `JY2/mc/m/sc' undefined
(Font)              No change on input line 1420.
LaTeX Font Info:    Kanji font shape `JY2/mc/m/it' undefined
(Font)              No change on input line 1425.
File: /Users/lapo_santi/Desktop/Nial/POMM_pairwise/POMMs/power_law_prior/Modula
r_code/results/diagnostic_checks/traceplots/traceplot_likelihood_chain1.png Gra
phic file (type eps)

</Users/lapo_santi/Desktop/Nial/POMM_pairwise/POMMs/power_law_prior/Modular_cod
e/results/diagnostic_checks/traceplots/traceplot_likelihood_chain1.png>
File: /Users/lapo_santi/Desktop/Nial/POMM_pairwise/POMMs/power_law_prior/Modula
r_code/results/diagnostic_checks/traceplots/traceplot_likelihood_chain2.png Gra
phic file (type eps)

</Users/lapo_santi/Desktop/Nial/POMM_pairwise/POMMs/power_law_prior/Modular_cod
e/results/diagnostic_checks/traceplots/traceplot_likelihood_chain2.png>
File: /Users/lapo_santi/Desktop/Nial/POMM_pairwise/POMMs/power_law_prior/Modula
r_code/results/diagnostic_checks/traceplots/traceplot_likelihood_chain3.png Gra
phic file (type eps)

</Users/lapo_santi/Desktop/Nial/POMM_pairwise/POMMs/power_law_prior/Modular_cod
e/results/diagnostic_checks/traceplots/traceplot_likelihood_chain3.png>
File: /Users/lapo_santi/Desktop/Nial/POMM_pairwise/POMMs/power_law_prior/Modula
r_code/results/diagnostic_checks/traceplots/traceplot_likelihood_chain4.png Gra
phic file (type eps)

</Users/lapo_santi/Desktop/Nial/POMM_pairwise/POMMs/power_law_prior/Modular_cod
e/results/diagnostic_checks/traceplots/traceplot_likelihood_chain4.png>
LaTeX Font Info:    Kanji font shape `JY2/mc/m/sc' undefined
(Font)              No change on input line 1444.
LaTeX Font Info:    Kanji font shape `JY2/mc/m/it' undefined
(Font)              No change on input line 1449.

[24

] [25]
LaTeX Font Info:    Kanji font shape `JY2/mc/m/it' undefined
(Font)              No change on input line 1450.
 [26]
File: /Users/lapo_santi/Desktop/Nial/POMM_pairwise/POMMs/power_law_prior/Modula
r_code/results/diagnostic_checks/autocorrplot/autocorrplot_chain1.png Graphic f
ile (type eps)

</Users/lapo_santi/Desktop/Nial/POMM_pairwise/POMMs/power_law_prior/Modular_cod
e/results/diagnostic_checks/autocorrplot/autocorrplot_chain1.png>
File: /Users/lapo_santi/Desktop/Nial/POMM_pairwise/POMMs/power_law_prior/Modula
r_code/results/diagnostic_checks/autocorrplot/autocorrplot_chain2.png Graphic f
ile (type eps)

</Users/lapo_santi/Desktop/Nial/POMM_pairwise/POMMs/power_law_prior/Modular_cod
e/results/diagnostic_checks/autocorrplot/autocorrplot_chain2.png>
File: /Users/lapo_santi/Desktop/Nial/POMM_pairwise/POMMs/power_law_prior/Modula
r_code/results/diagnostic_checks/autocorrplot/autocorrplot_chain3.png Graphic f
ile (type eps)

</Users/lapo_santi/Desktop/Nial/POMM_pairwise/POMMs/power_law_prior/Modular_cod
e/results/diagnostic_checks/autocorrplot/autocorrplot_chain3.png>
File: /Users/lapo_santi/Desktop/Nial/POMM_pairwise/POMMs/power_law_prior/Modula
r_code/results/diagnostic_checks/autocorrplot/autocorrplot_chain4.png Graphic f
ile (type eps)

</Users/lapo_santi/Desktop/Nial/POMM_pairwise/POMMs/power_law_prior/Modular_cod
e/results/diagnostic_checks/autocorrplot/autocorrplot_chain4.png>
LaTeX Font Info:    Kanji font shape `JY2/mc/m/sc' undefined
(Font)              No change on input line 1468.
 [27

]
(./Draft.aux)

LaTeX Warning: There were undefined references.


LaTeX Warning: Label(s) may have changed. Rerun to get cross-references right.

 ) 
Here is how much of TeX's memory you used:
 5908 strings out of 478716
 172516 string characters out of 5858226
 398159 words of memory out of 5000000
 23908 multiletter control sequences out of 15000+600000
 485986 words of font info for 105 fonts, out of 8000000 for 9000
 1090 hyphenation exceptions out of 8191
 69i,11n,76p,1099b,411s stack positions out of 10000i,1000n,20000p,200000b,200000s

Output written on Draft.dvi (27 pages, 81264 bytes).
